<?xml version="1.0" encoding="UTF-8"?>
<testsuite xmlns:xsi="http://www.w3.org/2001/XMLSchema-instance" xsi:noNamespaceSchemaLocation="https://maven.apache.org/surefire/maven-surefire-plugin/xsd/surefire-test-report.xsd" name="PosterManagerTest" time="0.116" tests="5" errors="0" skipped="0" failures="0">
  <properties>
[...]
</properties>
  <testcase name="shouldsetPosterTest{String}[1]" classname="PosterManagerTest" time="0.035"/>
  <testcase name="shouldsetPosterTest{String}[2]" classname="PosterManagerTest" time="0.001"/>
  <testcase name="shouldsetPosterTest{String}[3]" classname="PosterManagerTest" time="0"/>
  <testcase name="shouldsetPosterTest{String}[4]" classname="PosterManagerTest" time="0.001"/>
  <testcase name="shouldsetPosterTest{String}[5]" classname="PosterManagerTest" time="0.001"/>
</testsuite>